<?xml version="1.0" encoding="UTF-8"?>
<!-- Generated by org.testng.reporters.JUnitXMLReporter -->
<testsuite hostname="Testing-66" name="Test" tests="1" failures="1" timestamp="9 Jun 2017 12:29:24 GMT" time="16.293" errors="0">
  <testcase name="f" time="16.256" classname="jenkins.NewTest">
    <failure type="java.lang.AssertionError" message="expected [abc] but found [Online Shopping Site for Mobiles, Fashion, Books, Electronics, Home Appliances and More]">
      <![CDATA[java.lang.AssertionError: expected [abc] but found [Online Shopping Site for Mobiles, Fashion, Books, Electronics, Home Appliances and More]
	at jenkins.NewTest.f(NewTest.java:17)
... Removed 28 stack frames]]>
    </failure>
  </testcase> <!-- f -->
</testsuite> <!-- Test -->
